[2026-01-26 13:15:54,620 ] 97 werkzeug - INFO - [31m[1mWARNING: This is a development server. Do not use it in a production deployment. Use a production WSGI server instead.[0m
 * Running on http://127.0.0.1:5000
[2026-01-26 13:15:54,620 ] 97 werkzeug - INFO - [33mPress CTRL+C to quit[0m
[2026-01-26 13:15:54,621 ] 97 werkzeug - INFO -  * Restarting with stat
[2026-01-26 13:15:54,815 ] 97 werkzeug - WARNING -  * Debugger is active!
[2026-01-26 13:15:54,818 ] 97 werkzeug - INFO -  * Debugger PIN: 332-219-181
[2026-01-26 13:20:13,739 ] 97 werkzeug - INFO -  * Detected change in 'd:\\ml etoe\\ml-pipeline\\src\\exeption.py', reloading
[2026-01-26 13:20:13,829 ] 97 werkzeug - INFO -  * Restarting with stat
[2026-01-26 13:23:08,579 ] 97 werkzeug - INFO -  * Restarting with stat
[2026-01-26 13:23:32,218 ] 97 werkzeug - INFO -  * Restarting with stat
[2026-01-26 13:24:48,537 ] 97 werkzeug - INFO -  * Restarting with stat
[2026-01-26 13:24:56,009 ] 97 werkzeug - INFO -  * Restarting with stat
[2026-01-26 13:25:36,833 ] 97 werkzeug - INFO -  * Restarting with stat
[2026-01-26 13:27:21,747 ] 97 werkzeug - INFO -  * Restarting with stat
[2026-01-26 13:28:15,816 ] 97 werkzeug - INFO -  * Restarting with stat
[2026-01-26 13:28:44,462 ] 97 werkzeug - INFO -  * Restarting with stat
[2026-01-26 13:30:41,579 ] 97 werkzeug - INFO -  * Restarting with stat
[2026-01-26 13:32:06,123 ] 97 werkzeug - INFO -  * Restarting with stat
[2026-01-26 13:33:57,024 ] 97 werkzeug - INFO -  * Restarting with stat
[2026-01-26 13:35:21,624 ] 97 werkzeug - INFO -  * Restarting with stat
[2026-01-26 13:36:43,268 ] 97 werkzeug - INFO -  * Restarting with stat
